{"sessionId":"38eb5e","runId":"pre-fix","hypothesisId":"B","location":"game.js:ensureAudio","message":"audio context state","data":{"state":"running","hasGain":true},"timestamp":1783631384465,"receivedAt":1783631384470}
{"sessionId":"38eb5e","runId":"pre-fix","hypothesisId":"E","location":"game.js:startMusicPreview","message":"preview start","data":{"track":"arcade","musicOn":true},"timestamp":1783631384468,"receivedAt":1783631384475}
{"sessionId":"38eb5e","runId":"pre-fix","hypothesisId":"D","location":"game.js:scheduleMusicStep","message":"music tick","data":{"step":0,"track":"arcade","vol":1,"musicPlaying":false,"musicPreviewing":true,"musicOn":true,"audioState":"running","interval":220},"timestamp":1783631384469,"receivedAt":1783631384477}
{"sessionId":"38eb5e","runId":"pre-fix","hypothesisId":"D","location":"game.js:scheduleMusicStep","message":"music tick","data":{"step":1,"track":"arcade","vol":1,"musicPlaying":false,"musicPreviewing":true,"musicOn":true,"audioState":"running","interval":220},"timestamp":1783631384695,"receivedAt":1783631384699}
{"sessionId":"38eb5e","runId":"pre-fix","hypothesisId":"D","location":"game.js:scheduleMusicStep","message":"music tick","data":{"step":0,"track":"neon","vol":1,"musicPlaying":false,"musicPreviewing":true,"musicOn":true,"audioState":"running","interval":260},"timestamp":1783631386086,"receivedAt":1783631386090}
{"sessionId":"38eb5e","runId":"pre-fix","hypothesisId":"E","location":"game.js:startMusicPreview","message":"preview start","data":{"track":"neon","musicOn":true},"timestamp":1783631386085,"receivedAt":1783631386100}
{"sessionId":"38eb5e","runId":"pre-fix","hypothesisId":"D","location":"game.js:scheduleMusicStep","message":"music tick","data":{"step":1,"track":"neon","vol":1,"musicPlaying":false,"musicPreviewing":true,"musicOn":true,"audioState":"running","interval":260},"timestamp":1783631386350,"receivedAt":1783631386356}
{"sessionId":"38eb5e","runId":"pre-fix","hypothesisId":"E","location":"game.js:startMusicPreview","message":"preview start","data":{"track":"ocean","musicOn":true},"timestamp":1783631386890,"receivedAt":1783631386894}
{"sessionId":"38eb5e","runId":"pre-fix","hypothesisId":"D","location":"game.js:scheduleMusicStep","message":"music tick","data":{"step":0,"track":"ocean","vol":1,"musicPlaying":false,"musicPreviewing":true,"musicOn":true,"audioState":"running","interval":320},"timestamp":1783631386891,"receivedAt":1783631386895}
{"sessionId":"38eb5e","runId":"pre-fix","hypothesisId":"D","location":"game.js:scheduleMusicStep","message":"music tick","data":{"step":1,"track":"ocean","vol":1,"musicPlaying":false,"musicPreviewing":true,"musicOn":true,"audioState":"running","interval":320},"timestamp":1783631387211,"receivedAt":1783631387216}
{"sessionId":"38eb5e","runId":"pre-fix","hypothesisId":"E","location":"game.js:stopGameMusic","message":"music stopped","data":{"wasPlaying":false,"wasPreview":true,"mode":"menu"},"timestamp":1783631388110,"receivedAt":1783631388114}
{"sessionId":"38eb5e","runId":"pre-fix","hypothesisId":"A","location":"game.js:startGameMusic","message":"startGameMusic called","data":{"musicOn":true,"track":"ocean","musicPlaying":false,"musicPreviewing":false,"mode":"local","gameOver":false},"timestamp":1783631392346,"receivedAt":1783631392353}
{"sessionId":"38eb5e","runId":"pre-fix","hypothesisId":"E","location":"game.js:startGameMusic","message":"music started","data":{"musicPlaying":true,"audioState":"running","track":"ocean"},"timestamp":1783631392347,"receivedAt":1783631392355}
{"sessionId":"38eb5e","runId":"pre-fix","hypothesisId":"E","location":"game.js:stopGameMusic","message":"music stopped","data":{"wasPlaying":true,"wasPreview":false,"mode":"local"},"timestamp":1783631395419,"receivedAt":1783631395435}
{"sessionId":"38eb5e","runId":"pre-fix","hypothesisId":"E","location":"game.js:stopGameMusic","message":"music stopped","data":{"wasPlaying":false,"wasPreview":false,"mode":"local"},"timestamp":1783631396116,"receivedAt":1783631396121}
{"sessionId":"38eb5e","runId":"pre-fix","hypothesisId":"E","location":"game.js:startMusicPreview","message":"preview start","data":{"track":"ocean","musicOn":true},"timestamp":1783631397107,"receivedAt":1783631397112}
{"sessionId":"38eb5e","runId":"pre-fix","hypothesisId":"D","location":"game.js:scheduleMusicStep","message":"music tick","data":{"step":0,"track":"ocean","vol":1,"musicPlaying":false,"musicPreviewing":true,"musicOn":true,"audioState":"running","interval":320},"timestamp":1783631397107,"receivedAt":1783631397113}
{"sessionId":"38eb5e","runId":"pre-fix","hypothesisId":"D","location":"game.js:scheduleMusicStep","message":"music tick","data":{"step":1,"track":"ocean","vol":1,"musicPlaying":false,"musicPreviewing":true,"musicOn":true,"audioState":"running","interval":320},"timestamp":1783631397431,"receivedAt":1783631397446}
{"sessionId":"38eb5e","runId":"pre-fix","hypothesisId":"E","location":"game.js:startMusicPreview","message":"preview start","data":{"track":"storm","musicOn":true},"timestamp":1783631397783,"receivedAt":1783631397787}
{"sessionId":"38eb5e","runId":"pre-fix","hypothesisId":"D","location":"game.js:scheduleMusicStep","message":"music tick","data":{"step":0,"track":"storm","vol":1,"musicPlaying":false,"musicPreviewing":true,"musicOn":true,"audioState":"running","interval":180},"timestamp":1783631397784,"receivedAt":1783631397788}
{"sessionId":"38eb5e","runId":"pre-fix","hypothesisId":"D","location":"game.js:scheduleMusicStep","message":"music tick","data":{"step":1,"track":"storm","vol":1,"musicPlaying":false,"musicPreviewing":true,"musicOn":true,"audioState":"running","interval":180},"timestamp":1783631397968,"receivedAt":1783631397974}
{"sessionId":"38eb5e","runId":"pre-fix","hypothesisId":"E","location":"game.js:stopGameMusic","message":"music stopped","data":{"wasPlaying":false,"wasPreview":true,"mode":"menu"},"timestamp":1783631398340,"receivedAt":1783631398355}
{"sessionId":"38eb5e","runId":"pre-fix","hypothesisId":"E","location":"game.js:startGameMusic","message":"music started","data":{"musicPlaying":true,"audioState":"running","track":"storm"},"timestamp":1783631400654,"receivedAt":1783631400659}
{"sessionId":"38eb5e","runId":"pre-fix","hypothesisId":"A","location":"game.js:startGameMusic","message":"startGameMusic called","data":{"musicOn":true,"track":"storm","musicPlaying":false,"musicPreviewing":false,"mode":"local","gameOver":false},"timestamp":1783631400653,"receivedAt":1783631400660}
{"sessionId":"38eb5e","runId":"pre-fix","hypothesisId":"D","location":"game.js:scheduleMusicStep","message":"music tick","data":{"step":20,"track":"storm","vol":1,"musicPlaying":true,"musicPreviewing":false,"musicOn":true,"audioState":"running","interval":180},"timestamp":1783631403580,"receivedAt":1783631403584}
{"sessionId":"38eb5e","runId":"pre-fix","hypothesisId":"D","location":"game.js:scheduleMusicStep","message":"music tick","data":{"step":40,"track":"storm","vol":1,"musicPlaying":true,"musicPreviewing":false,"musicOn":true,"audioState":"running","interval":180},"timestamp":1783631407226,"receivedAt":1783631407231}
{"sessionId":"38eb5e","runId":"pre-fix","hypothesisId":"D","location":"game.js:scheduleMusicStep","message":"music tick","data":{"step":60,"track":"storm","vol":1,"musicPlaying":true,"musicPreviewing":false,"musicOn":true,"audioState":"running","interval":180},"timestamp":1783631410872,"receivedAt":1783631410878}
{"sessionId":"38eb5e","runId":"pre-fix","hypothesisId":"D","location":"game.js:scheduleMusicStep","message":"music tick","data":{"step":80,"track":"storm","vol":1,"musicPlaying":true,"musicPreviewing":false,"musicOn":true,"audioState":"running","interval":180},"timestamp":1783631414518,"receivedAt":1783631414522}
{"sessionId":"38eb5e","runId":"pre-fix","hypothesisId":"D","location":"game.js:scheduleMusicStep","message":"music tick","data":{"step":100,"track":"storm","vol":1,"musicPlaying":true,"musicPreviewing":false,"musicOn":true,"audioState":"running","interval":180},"timestamp":1783631418185,"receivedAt":1783631418190}
